# JRE version: OpenJDK Runtime Environment (8.0_322-b06) (build 1.8.0_322-b06)
# Java VM: OpenJDK 64-Bit Server VM (25.322-b06 mixed mode windows-amd64 compressed oops)
Heap:
 PSYoungGen      total 209920K, used 9528K [0x00000000d5f00000, 0x00000000e4200000, 0x0000000100000000)
  eden space 205824K, 4% used [0x00000000d5f00000,0x00000000d684e288,0x00000000e2800000)
  from space 4096K, 0% used [0x00000000e3e00000,0x00000000e3e00000,0x00000000e4200000)
  to   space 13312K, 0% used [0x00000000e2800000,0x00000000e2800000,0x00000000e3500000)
 ParOldGen       total 50688K, used 20845K [0x0000000081c00000, 0x0000000084d80000, 0x00000000d5f00000)
  object space 50688K, 41% used [0x0000000081c00000,0x000000008305b400,0x0000000084d80000)
 Metaspace       used 50380K, capacity 52854K, committed 53120K, reserved 1101824K
  class space    used 7028K, capacity 7470K, committed 7552K, reserved 1048576K
GC Heap History (10 events):
Event: 9.667 GC heap before
{Heap before GC invocations=18 (full 6):
 PSYoungGen      total 209920K, used 0K [0x00000000d5f00000, 0x00000000e4200000, 0x0000000100000000)
  eden space 205824K, 0% used [0x00000000d5f00000,0x00000000d5f00000,0x00000000e2800000)
  from space 4096K, 0% used [0x00000000e3e00000,0x00000000e3e00000,0x00000000e4200000)
  to   space 13312K, 0% used [0x00000000e2800000,0x00000000e2800000,0x00000000e3500000)
 ParOldGen       total 50688K, used 16920K [0x0000000081c00000, 0x0000000084d80000, 0x00000000d5f00000)
  object space 50688K, 33% used [0x0000000081c00000,0x0000000082c861b8,0x0000000084d80000)
 Metaspace       used 42162K, capacity 44630K, committed 44800K, reserved 1097728K
  class space    used 5925K, capacity 6378K, committed 6400K, reserved 1048576K
Event: 9.774 GC heap after
Heap after GC invocations=18 (full 6):
 PSYoungGen      total 209920K, used 0K [0x00000000d5f00000, 0x00000000e4200000, 0x0000000100000000)
  eden space 205824K, 0% used [0x00000000d5f00000,0x00000000d5f00000,0x00000000e2800000)
  from space 4096K, 0% used [0x00000000e3e00000,0x00000000e3e00000,0x00000000e4200000)
  to   space 13312K, 0% used [0x00000000e2800000,0x00000000e2800000,0x00000000e3500000)
 ParOldGen       total 50688K, used 14335K [0x0000000081c00000, 0x0000000084d80000, 0x00000000d5f00000)
  object space 50688K, 28% used [0x0000000081c00000,0x00000000829ffed8,0x0000000084d80000)
 Metaspace       used 41943K, capacity 44276K, committed 44800K, reserved 1093632K
  class space    used 5888K, capacity 6311K, committed 6400K, reserved 1048576K
}
Event: 10.530 GC heap before
{Heap before GC invocations=19 (full 6):
 PSYoungGen      total 209920K, used 51400K [0x00000000d5f00000, 0x00000000e4200000, 0x0000000100000000)
  eden space 205824K, 24% used [0x00000000d5f00000,0x00000000d9132360,0x00000000e2800000)
  from space 4096K, 0% used [0x00000000e3e00000,0x00000000e3e00000,0x00000000e4200000)
  to   space 13312K, 0% used [0x00000000e2800000,0x00000000e2800000,0x00000000e3500000)
 ParOldGen       total 50688K, used 14335K [0x0000000081c00000, 0x0000000084d80000, 0x00000000d5f00000)
  object space 50688K, 28% used [0x0000000081c00000,0x00000000829ffed8,0x0000000084d80000)
 Metaspace       used 47066K, capacity 49454K, committed 49792K, reserved 1101824K
  class space    used 6522K, capacity 6986K, committed 7040K, reserved 1048576K
Event: 10.536 GC heap after
Heap after GC invocations=19 (full 6):
 PSYoungGen      total 219136K, used 5556K [0x00000000d5f00000, 0x00000000e4200000, 0x0000000100000000)
  eden space 205824K, 0% used [0x00000000d5f00000,0x00000000d5f00000,0x00000000e2800000)
  from space 13312K, 41% used [0x00000000e2800000,0x00000000e2d6d280,0x00000000e3500000)
  to   space 4096K, 0% used [0x00000000e3e00000,0x00000000e3e00000,0x00000000e4200000)
 ParOldGen       total 50688K, used 14407K [0x0000000081c00000, 0x0000000084d80000, 0x00000000d5f00000)
  object space 50688K, 28% used [0x0000000081c00000,0x0000000082a11ee8,0x0000000084d80000)
 Metaspace       used 47066K, capacity 49454K, committed 49792K, reserved 1101824K
  class space    used 6522K, capacity 6986K, committed 7040K, reserved 1048576K
}
Event: 10.536 GC heap before
{Heap before GC invocations=20 (full 7):
 PSYoungGen      total 219136K, used 5556K [0x00000000d5f00000, 0x00000000e4200000, 0x0000000100000000)
  eden space 205824K, 0% used [0x00000000d5f00000,0x00000000d5f00000,0x00000000e2800000)
  from space 13312K, 41% used [0x00000000e2800000,0x00000000e2d6d280,0x00000000e3500000)
  to   space 4096K, 0% used [0x00000000e3e00000,0x00000000e3e00000,0x00000000e4200000)
 ParOldGen       total 50688K, used 14407K [0x0000000081c00000, 0x0000000084d80000, 0x00000000d5f00000)
  object space 50688K, 28% used [0x0000000081c00000,0x0000000082a11ee8,0x0000000084d80000)
 Metaspace       used 47066K, capacity 49454K, committed 49792K, reserved 1101824K
  class space    used 6522K, capacity 6986K, committed 7040K, reserved 1048576K
Event: 10.666 GC heap after
Heap after GC invocations=20 (full 7):
 PSYoungGen      total 219136K, used 0K [0x00000000d5f00000, 0x00000000e4200000, 0x0000000100000000)
  eden space 205824K, 0% used [0x00000000d5f00000,0x00000000d5f00000,0x00000000e2800000)
  from space 13312K, 0% used [0x00000000e2800000,0x00000000e2800000,0x00000000e3500000)
  to   space 4096K, 0% used [0x00000000e3e00000,0x00000000e3e00000,0x00000000e4200000)
 ParOldGen       total 50688K, used 19214K [0x0000000081c00000, 0x0000000084d80000, 0x00000000d5f00000)
  object space 50688K, 37% used [0x0000000081c00000,0x0000000082ec39e0,0x0000000084d80000)
 Metaspace       used 47066K, capacity 49454K, committed 49792K, reserved 1099776K
  class space    used 6522K, capacity 6986K, committed 7040K, reserved 1048576K
}
Event: 11.150 GC heap before
{Heap before GC invocations=21 (full 7):
 PSYoungGen      total 219136K, used 39664K [0x00000000d5f00000, 0x00000000e4200000, 0x0000000100000000)
  eden space 205824K, 19% used [0x00000000d5f00000,0x00000000d85bc1d8,0x00000000e2800000)
  from space 13312K, 0% used [0x00000000e2800000,0x00000000e2800000,0x00000000e3500000)
  to   space 4096K, 0% used [0x00000000e3e00000,0x00000000e3e00000,0x00000000e4200000)
 ParOldGen       total 50688K, used 19214K [0x0000000081c00000, 0x0000000084d80000, 0x00000000d5f00000)
  object space 50688K, 37% used [0x0000000081c00000,0x0000000082ec39e0,0x0000000084d80000)
 Metaspace       used 49558K, capacity 51986K, committed 52224K, reserved 1103872K
  class space    used 6914K, capacity 7360K, committed 7424K, reserved 1048576K
Event: 11.155 GC heap after
Heap after GC invocations=21 (full 7):
 PSYoungGen      total 209920K, used 4069K [0x00000000d5f00000, 0x00000000e4200000, 0x0000000100000000)
  eden space 205824K, 0% used [0x00000000d5f00000,0x00000000d5f00000,0x00000000e2800000)
  from space 4096K, 99% used [0x00000000e3e00000,0x00000000e41f9698,0x00000000e4200000)
  to   space 13312K, 0% used [0x00000000e2800000,0x00000000e2800000,0x00000000e3500000)
 ParOldGen       total 50688K, used 19404K [0x0000000081c00000, 0x0000000084d80000, 0x00000000d5f00000)
  object space 50688K, 38% used [0x0000000081c00000,0x0000000082ef32d8,0x0000000084d80000)
 Metaspace       used 49558K, capacity 51986K, committed 52224K, reserved 1103872K
  class space    used 6914K, capacity 7360K, committed 7424K, reserved 1048576K
}
Event: 11.155 GC heap before
{Heap before GC invocations=22 (full 8):
 PSYoungGen      total 209920K, used 4069K [0x00000000d5f00000, 0x00000000e4200000, 0x0000000100000000)
  eden space 205824K, 0% used [0x00000000d5f00000,0x00000000d5f00000,0x00000000e2800000)
  from space 4096K, 99% used [0x00000000e3e00000,0x00000000e41f9698,0x00000000e4200000)
  to   space 13312K, 0% used [0x00000000e2800000,0x00000000e2800000,0x00000000e3500000)
 ParOldGen       total 50688K, used 19404K [0x0000000081c00000, 0x0000000084d80000, 0x00000000d5f00000)
  object space 50688K, 38% used [0x0000000081c00000,0x0000000082ef32d8,0x0000000084d80000)
 Metaspace       used 49558K, capacity 51986K, committed 52224K, reserved 1103872K
  class space    used 6914K, capacity 7360K, committed 7424K, reserved 1048576K
Event: 11.209 GC heap after
Heap after GC invocations=22 (full 8):
 PSYoungGen      total 209920K, used 0K [0x00000000d5f00000, 0x00000000e4200000, 0x0000000100000000)
  eden space 205824K, 0% used [0x00000000d5f00000,0x00000000d5f00000,0x00000000e2800000)
  from space 4096K, 0% used [0x00000000e3e00000,0x00000000e3e00000,0x00000000e4200000)
  to   space 13312K, 0% used [0x00000000e2800000,0x00000000e2800000,0x00000000e3500000)
 ParOldGen       total 50688K, used 20845K [0x0000000081c00000, 0x0000000084d80000, 0x00000000d5f00000)
  object space 50688K, 41% used [0x0000000081c00000,0x000000008305b400,0x0000000084d80000)
 Metaspace       used 49558K, capacity 51986K, committed 52224K, reserved 1101824K
  class space    used 6914K, capacity 7360K, committed 7424K, reserved 1048576K
}

